{
  "RSpec": {
    "coverage": {
      "/Users/student/Documents/projects/tech-tests/bank/spec/bank_spec.rb": [
        1,
        null,
        1,
        1,
        1,
        1,
        null,
        null,
        null,
        1,
        1,
        1,
        1,
        null,
        1,
        1,
        1,
        null,
        null,
        null,
        1,
        1,
        1,
        1,
        null,
        1,
        1,
        1,
        null,
        null,
        null
      ],
      "/Users/student/Documents/projects/tech-tests/bank/lib/bank.rb": [
        1,
        1,
        null,
        null,
        1,
        6,
        6,
        null,
        null,
        1,
        3,
        3,
        3,
        3,
        3,
        null,
        null,
        1,
        4,
        4,
        4,
        4,
        4,
        null,
        null,
        1,
        7,
        null,
        null,
        null,
        1,
        1,
        null,
        null
      ],
      "/Users/student/Documents/projects/tech-tests/bank/spec/bank_statement_spec.rb": [
        1,
        null,
        1,
        1,
        1,
        1,
        null,
        null,
        null,
        1,
        1,
        1,
        null,
        null,
        null
      ],
      "/Users/student/Documents/projects/tech-tests/bank/lib/bank_statement.rb": [
        1,
        1,
        2,
        null,
        null,
        1,
        2,
        2,
        4,
        null,
        2,
        null,
        null
      ],
      "/Users/student/Documents/projects/tech-tests/bank/spec/feature-tests/make_deposits_and_withdrawals_spec.rb": [
        1,
        1,
        null,
        1,
        1,
        1,
        1,
        1,
        null,
        1,
        1,
        null,
        1,
        1,
        null,
        1,
        null,
        null
      ],
      "/Users/student/Documents/projects/tech-tests/bank/spec/transaction_spec.rb": [
        1,
        null,
        1,
        1,
        1,
        1,
        1,
        null,
        null,
        null,
        1,
        1,
        1,
        1,
        null,
        null,
        null,
        1,
        1,
        1,
        1,
        null,
        null,
        null,
        null
      ],
      "/Users/student/Documents/projects/tech-tests/bank/lib/transaction.rb": [
        1,
        1,
        null,
        1,
        4,
        null,
        null,
        1,
        5,
        null,
        null,
        1,
        8,
        null,
        null
      ]
    },
    "timestamp": 1567011619
  }
}
